[2026-05-03 23:34:34] Phase 0 Step 1 → done
[2026-05-03 23:34:34] Phase 0 Step 2 → done
[2026-05-03 23:34:34] Phase 0 Step 3 → done
[2026-05-03 23:34:34] Phase 0 Step 4 → done
[2026-05-03 23:34:34] Phase 0 Step 5 → done
[2026-05-03 23:34:35] Phase 1 Step 1 → done
[2026-05-03 23:34:35] Phase 1 Step 2 → pending
[2026-05-03 23:34:36] Phase 1 Step 3 → pending
[2026-05-03 23:34:36] Phase 1 Step 4 → pending
[2026-05-03 23:34:36] Phase 1 Step 5 → pending
[2026-05-03 23:34:36] Phase 2 Step 1 → pending
[2026-05-03 23:34:36] Phase 2 Step 2 → pending
[2026-05-03 23:34:36] Phase 2 Step 3 → pending
[2026-05-03 23:34:36] Phase 2 Step 4 → pending
[2026-05-03 23:34:36] Phase 2 Step 5 → pending
[2026-05-03 23:34:36] Phase 3A Step 1 → pending
[2026-05-03 23:34:36] Phase 3A Step 2 → pending
[2026-05-03 23:34:41] Phase 3A Step 3 → pending
[2026-05-03 23:34:41] Phase 3A Step 4 → pending
[2026-05-03 23:34:41] Phase 3A Step 5 → pending
[2026-05-03 23:34:41] Phase 3B Step 1 → done
[2026-05-03 23:34:41] Phase 3B Step 2 → pending
[2026-05-03 23:34:41] Phase 3B Step 3 → pending
[2026-05-03 23:34:47] Phase 3B Step 4 → pending
[2026-05-03 23:34:47] Phase 3B Step 5 → pending
[2026-05-03 23:38:26] Phase 1 Step 1 → done
[2026-05-03 23:38:26] Phase 1 Step 2 → done
[2026-05-03 23:38:27] Phase 1 Step 3 → done
[2026-05-03 23:38:27] Phase 1 Step 4 → done
[2026-05-03 23:38:27] Phase 1 Step 5 → done
[2026-05-03 23:39:26] Phase 2 Step 1 → running
